<?xml version="1.0" encoding="UTF-8"?>
<!-- Generated by org.testng.reporters.JUnitXMLReporter -->
<testsuite hostname="LAPTOP-OIJ1FI09" ignored="3" name="Command line test" tests="6" failures="2" timestamp="09 Jun 2019 18:53:18 GMT" time="31.703" errors="0">
  <testcase name="addEmployeee" time="0.061" classname="com.syntax.testcases.AddEmployeePageTest">
    <failure type="java.lang.NullPointerException">
      <![CDATA[java.lang.NullPointerException
at org.openqa.selenium.support.pagefactory.DefaultElementLocator.findElement(DefaultElementLocator.java:69)
at org.openqa.selenium.support.pagefactory.internal.LocatingElementHandler.invoke(LocatingElementHandler.java:38)
at com.sun.proxy.$Proxy5.clear(Unknown Source)
at com.syntax.utils.CommonMethods.sendText(CommonMethods.java:167)
at com.syntax.utils.CommonMethods.login(CommonMethods.java:171)
at com.syntax.testcases.AddEmployeePageTest.addEmployeee(AddEmployeePageTest.java:18)
... Removed 35 stack frames]]>
    </failure>
  </testcase> <!-- addEmployeee -->
  <testcase name="setUp" time="6.048" classname="com.syntax.utils.BaseClass"/>
  <testcase name="setUp" time="4.927" classname="com.syntax.utils.BaseClass"/>
  <testcase name="addEmployee" time="14.286" classname="com.syntax.testcases.LoginPageTest">
    <failure type="org.openqa.selenium.NoSuchElementException" message="Cannot locate an element using partial link text=PIM
For documentation on this error, please visit: https://www.seleniumhq.org/exceptions/no_such_element.html
Build info: version: &amp;apos;3.141.59&amp;apos;, revision: &amp;apos;e82be7d358&amp;apos;, time: &amp;apos;2018-11-14T08:17:03&amp;apos;
System info: host: &amp;apos;LAPTOP-OIJ1FI09&amp;apos;, ip: &amp;apos;192.168.0.164&amp;apos;, os.name: &amp;apos;Windows 10&amp;apos;, os.arch: &amp;apos;amd64&amp;apos;, os.version: &amp;apos;10.0&amp;apos;, java.version: &amp;apos;1.8.0_201&amp;apos;
Driver info: driver.version: RemoteWebDriver">
      <![CDATA[org.openqa.selenium.NoSuchElementException: Cannot locate an element using partial link text=PIM
For documentation on this error, please visit: https://www.seleniumhq.org/exceptions/no_such_element.html
Build info: version: '3.141.59', revision: 'e82be7d358', time: '2018-11-14T08:17:03'
System info: host: 'LAPTOP-OIJ1FI09', ip: '192.168.0.164', os.name: 'Windows 10', os.arch: 'amd64', os.version: '10.0', java.version: '1.8.0_201'
Driver info: driver.version: RemoteWebDriver
at org.openqa.selenium.remote.RemoteWebDriver.findElement(RemoteWebDriver.java:327)
at org.openqa.selenium.remote.RemoteWebDriver.findElementByPartialLinkText(RemoteWebDriver.java:388)
at org.openqa.selenium.By$ByPartialLinkText.findElement(By.java:250)
at org.openqa.selenium.remote.RemoteWebDriver.findElement(RemoteWebDriver.java:315)
at org.openqa.selenium.support.pagefactory.DefaultElementLocator.findElement(DefaultElementLocator.java:69)
at org.openqa.selenium.support.pagefactory.internal.LocatingElementHandler.invoke(LocatingElementHandler.java:38)
at com.sun.proxy.$Proxy5.click(Unknown Source)
at com.syntax.testcases.LoginPageTest.addEmployee(LoginPageTest.java:21)
... Removed 35 stack frames]]>
    </failure>
  </testcase> <!-- addEmployee -->
  <testcase name="setUp" time="4.243" classname="com.syntax.utils.BaseClass"/>
  <testcase name="tryAddEmployee" time="2.063" classname="com.syntax.testcases.WeqasTest"/>
  <testcase name="doLogin" time="0.0" classname="com.syntax.testcases.LoginPageTest">
    <ignored/>
  </testcase> <!-- doLogin -->
  <testcase name="wrongLogin" time="0.0" classname="com.syntax.testcases.LoginPageTest">
    <ignored/>
  </testcase> <!-- wrongLogin -->
  <testcase name="loginToOrangeHRM" time="0.0" classname="com.syntax.testcases.LoginPageTest">
    <ignored/>
  </testcase> <!-- loginToOrangeHRM -->
</testsuite> <!-- Command line test -->
